<?xml version="1.0" encoding="UTF-8"?>
<!-- Generated by org.testng.reporters.JUnitReportReporter -->
<testsuite hostname="DESKTOP-SSA52IS" failures="0" tests="1" name="api.test.TestTemp" time="0.032" errors="0" timestamp="2023-09-16T21:54:07 IST" skipped="0">
  <testcase classname="api.test.TestTemp" name="testCreateUser" time="0.032"/>
</testsuite> <!-- api.test.TestTemp -->
