<?xml version="1.0" encoding="UTF-8"?>
<!-- Generated by org.testng.reporters.JUnitReportReporter -->
<testsuite hostname="DESKTOP-SSA52IS" failures="0" tests="4" name="api.test.UserTest" time="8.933" errors="0" timestamp="2023-09-11T19:26:01 IST" skipped="0">
  <testcase classname="api.test.UserTest" name="testCreateUser" time="3.264"/>
  <testcase classname="api.test.UserTest" name="testReadUser" time="1.201"/>
  <testcase classname="api.test.UserTest" name="testUpdateUser" time="3.187"/>
  <testcase classname="api.test.UserTest" name="testDeleteUser" time="1.281"/>
</testsuite> <!-- api.test.UserTest -->
