<?xml version="1.0" encoding="UTF-8"?>
<!-- Generated by org.testng.reporters.JUnitReportReporter -->
<testsuite hostname="DESKTOP-SSA52IS" failures="0" tests="4" name="api.test.UserTest" time="78.106" errors="0" timestamp="2023-09-16T22:01:25 IST" skipped="0">
  <testcase classname="api.test.UserTest" name="testCreateUser" time="36.849"/>
  <testcase classname="api.test.UserTest" name="testReadUser" time="13.969"/>
  <testcase classname="api.test.UserTest" name="testUpdateUser" time="22.067"/>
  <testcase classname="api.test.UserTest" name="testDeleteUser" time="5.221"/>
</testsuite> <!-- api.test.UserTest -->
