<?xml version="1.0" encoding="UTF-8"?>
<!-- Generated by org.testng.reporters.JUnitReportReporter -->
<testsuite hostname="DESKTOP-SSA52IS" failures="0" tests="1" name="api.payload.TestJsonClass" time="0.380" errors="0" timestamp="2023-09-17T19:48:28 IST" skipped="0">
  <testcase classname="api.payload.TestJsonClass" name="CreateResponse" time="0.380"/>
</testsuite> <!-- api.payload.TestJsonClass -->
