<?xml version="1.0" encoding="UTF-8"?>
<!-- Generated by org.testng.reporters.JUnitReportReporter -->
<testsuite hostname="DESKTOP-SSA52IS" failures="0" tests="4" name="api.test.PetTest" time="8.645" errors="0" timestamp="2023-09-17T20:35:53 IST" skipped="0">
  <testcase classname="api.test.PetTest" name="testAddNewPet" time="3.065"/>
  <testcase classname="api.test.PetTest" name="testViewPetDetails" time="1.273"/>
  <testcase classname="api.test.PetTest" name="testUpdatePetDetails" time="3.067"/>
  <testcase classname="api.test.PetTest" name="testDeletePetDetails" time="1.240"/>
</testsuite> <!-- api.test.PetTest -->
