<?xml version="1.0" encoding="UTF-8"?>
<!-- Generated by org.testng.reporters.JUnitReportReporter -->
<testsuite hostname="DESKTOP-SSA52IS" failures="0" tests="4" name="api.test.UserTest" time="8.913" errors="0" timestamp="2023-09-12T15:13:21 IST" skipped="0">
  <testcase classname="api.test.UserTest" name="testCreateUser" time="3.466"/>
  <testcase classname="api.test.UserTest" name="testReadUser" time="1.223"/>
  <testcase classname="api.test.UserTest" name="testUpdateUser" time="2.960"/>
  <testcase classname="api.test.UserTest" name="testDeleteUser" time="1.264"/>
</testsuite> <!-- api.test.UserTest -->
