<?xml version="1.0" encoding="UTF-8"?>
<!-- Generated by org.testng.reporters.JUnitReportReporter -->
<testsuite hostname="DESKTOP-SSA52IS" failures="0" tests="4" name="api.test.UserTest" time="8.978" errors="0" timestamp="2023-09-11T20:27:45 IST" skipped="0">
  <testcase classname="api.test.UserTest" name="testCreateUser" time="3.437"/>
  <testcase classname="api.test.UserTest" name="testReadUser" time="1.255"/>
  <testcase classname="api.test.UserTest" name="testUpdateUser" time="3.019"/>
  <testcase classname="api.test.UserTest" name="testDeleteUser" time="1.267"/>
</testsuite> <!-- api.test.UserTest -->
